<?xml version="1.0" encoding="UTF-8"?>
<!-- Generated by org.testng.reporters.JUnitReportReporter -->
<testsuite hostname="DESKTOP-O0U4QRU" failures="0" tests="1" name="login.AjiologinTest" time="35.814" errors="0" timestamp="2023-09-03T11:43:57 IST" skipped="0">
  <testcase classname="login.AjiologinTest" name="AjioTest" time="35.814">
    <system-out>
      <![CDATA[Opening  Ajio]]>
    </system-out>
  </testcase> <!-- AjioTest -->
  <system-out>
    <![CDATA[Opening  Ajio]]>
  </system-out>
</testsuite> <!-- login.AjiologinTest -->
