<?xml version="1.0" encoding="UTF-8"?>
<!-- Generated by org.testng.reporters.JUnitReportReporter -->
<testsuite hostname="DESKTOP-O0U4QRU" failures="0" tests="1" name="login.AjiologinTest" time="24.741" errors="0" timestamp="2023-09-03T14:07:05 IST" skipped="0">
  <testcase classname="login.AjiologinTest" name="AjioTest" time="24.741">
    <system-out>
      <![CDATA[Opening  Ajio]]>
    </system-out>
  </testcase> <!-- AjioTest -->
  <system-out>
    <![CDATA[Opening  Ajio]]>
  </system-out>
</testsuite> <!-- login.AjiologinTest -->
